22437
2540
4424
4197
4560
2379
15031
6897
18846
7014
342
30206
8415
936
2351
23490
5474
4177
4940
9572
5952
5072
2057
18822
6936
28394
26699
3554
3659
21294
5842
1225
19515
780
8787
20944
6072
765
14790
3257
1301
21329
11280
13011
9429
13628
14742
4227
8181
12446
29456
15210
13610
14465
24297
14319
272
12942
6960
2044
17807
26355
1686
8096
3452
1864
12012
14045
3342
7091
11570
16964
7050
1187
2981
10335
4950
24521
989
15200
16787
5429
10253
10612
3779
14664
5870
27210
8825
24544
22357
2729
18224
17866
22077
90
8820
8969
9881
11000
